This is XeTeX, Version 3.141592653-2.6-0.999995 (MiKTeX 24.1) (preloaded format=xelatex 2024.9.18)  14 FEB 2026 12:30
entering extended mode
 restricted \write18 enabled.
 file:line:error style messages enabled.
 %&-line parsing enabled.
**d:/pdf/Logic/Logic.tex
(d:/pdf/Logic/Logic.tex
LaTeX2e <2023-11-01> patch level 1
L3 programming layer <2024-01-04>
(D:\pdf\RStudio\latex\tex/latex/base\book.cls
Document Class: book 2023/05/17 v1.4n Standard LaTeX document class
(D:\pdf\RStudio\latex\tex/latex/base\bk10.clo
File: bk10.clo 2023/05/17 v1.4n Standard LaTeX file (size option)
)
\c@part=\count183
\c@chapter=\count184
\c@section=\count185
\c@subsection=\count186
\c@subsubsection=\count187
\c@paragraph=\count188
\c@subparagraph=\count189
\c@figure=\count190
\c@table=\count191
\abovecaptionskip=\skip48
\belowcaptionskip=\skip49
\bibindent=\dimen140
) (D:\pdf\RStudio\latex\tex/latex/base\inputenc.sty
Package: inputenc 2021/02/14 v1.3d Input encoding file
\inpenc@prehook=\toks17
\inpenc@posthook=\toks18


Package inputenc Warning: inputenc package ignored with utf8 based engines.

) (D:\pdf\RStudio\latex\tex/latex/amsmath\amsmath.sty
Package: amsmath 2023/05/13 v2.17o AMS math features
\@mathmargin=\skip50

For additional information on amsmath, use the `?' option.
(D:\pdf\RStudio\latex\tex/latex/amsmath\amstext.sty
Package: amstext 2021/08/26 v2.01 AMS text
 (D:\pdf\RStudio\latex\tex/latex/amsmath\amsgen.sty
File: amsgen.sty 1999/11/30 v2.0 generic functions
\@emptytoks=\toks19
\ex@=\dimen141
)) (D:\pdf\RStudio\latex\tex/latex/amsmath\amsbsy.sty
Package: amsbsy 1999/11/29 v1.2d Bold Symbols
\pmbraise@=\dimen142
) (D:\pdf\RStudio\latex\tex/latex/amsmath\amsopn.sty
Package: amsopn 2022/04/08 v2.04 operator names
)
\inf@bad=\count192
LaTeX Info: Redefining \frac on input line 234.
\uproot@=\count193
\leftroot@=\count194
LaTeX Info: Redefining \overline on input line 399.
LaTeX Info: Redefining \colon on input line 410.
\classnum@=\count195
\DOTSCASE@=\count196
LaTeX Info: Redefining \ldots on input line 496.
LaTeX Info: Redefining \dots on input line 499.
LaTeX Info: Redefining \cdots on input line 620.
\Mathstrutbox@=\box51
\strutbox@=\box52
LaTeX Info: Redefining \big on input line 722.
LaTeX Info: Redefining \Big on input line 723.
LaTeX Info: Redefining \bigg on input line 724.
LaTeX Info: Redefining \Bigg on input line 725.
\big@size=\dimen143
LaTeX Font Info:    Redeclaring font encoding OML on input line 743.
LaTeX Font Info:    Redeclaring font encoding OMS on input line 744.
\macc@depth=\count197
LaTeX Info: Redefining \bmod on input line 905.
LaTeX Info: Redefining \pmod on input line 910.
LaTeX Info: Redefining \smash on input line 940.
LaTeX Info: Redefining \relbar on input line 970.
LaTeX Info: Redefining \Relbar on input line 971.
\c@MaxMatrixCols=\count198
\dotsspace@=\muskip16
\c@parentequation=\count199
\dspbrk@lvl=\count266
\tag@help=\toks20
\row@=\count267
\column@=\count268
\maxfields@=\count269
\andhelp@=\toks21
\eqnshift@=\dimen144
\alignsep@=\dimen145
\tagshift@=\dimen146
\tagwidth@=\dimen147
\totwidth@=\dimen148
\lineht@=\dimen149
\@envbody=\toks22
\multlinegap=\skip51
\multlinetaggap=\skip52
\mathdisplay@stack=\toks23
LaTeX Info: Redefining \[ on input line 2953.
LaTeX Info: Redefining \] on input line 2954.
) (D:\pdf\RStudio\latex\tex/latex/amsfonts\amssymb.sty
Package: amssymb 2013/01/14 v3.01 AMS font symbols
 (D:\pdf\RStudio\latex\tex/latex/amsfonts\amsfonts.sty
Package: amsfonts 2013/01/14 v3.01 Basic AMSFonts support
\symAMSa=\mathgroup4
\symAMSb=\mathgroup5
LaTeX Font Info:    Redeclaring math symbol \hbar on input line 98.
LaTeX Font Info:    Overwriting math alphabet `\mathfrak' in version `bold'
(Font)                  U/euf/m/n --> U/euf/b/n on input line 106.
)) (D:\pdf\RStudio\latex\tex/latex/geometry\geometry.sty
Package: geometry 2020/01/02 v5.9 Page Geometry
 (D:\pdf\RStudio\latex\tex/latex/graphics\keyval.sty
Package: keyval 2022/05/29 v1.15 key=value parser (DPC)
\KV@toks@=\toks24
) (D:\pdf\RStudio\latex\tex/generic/iftex\ifvtex.sty
Package: ifvtex 2019/10/25 v1.7 ifvtex legacy package. Use iftex instead.
 (D:\pdf\RStudio\latex\tex/generic/iftex\iftex.sty
Package: iftex 2022/02/03 v1.0f TeX engine tests
))
\Gm@cnth=\count270
\Gm@cntv=\count271
\c@Gm@tempcnt=\count272
\Gm@bindingoffset=\dimen150
\Gm@wd@mp=\dimen151
\Gm@odd@mp=\dimen152
\Gm@even@mp=\dimen153
\Gm@layoutwidth=\dimen154
\Gm@layoutheight=\dimen155
\Gm@layouthoffset=\dimen156
\Gm@layoutvoffset=\dimen157
\Gm@dimlist=\toks25
 (D:\pdf\RStudio\latex\tex/latex/geometry\geometry.cfg)) (D:\pdf\RStudio\latex\tex/latex/graphics\graphicx.sty
Package: graphicx 2021/09/16 v1.2d Enhanced LaTeX Graphics (DPC,SPQR)
 (D:\pdf\RStudio\latex\tex/latex/graphics\graphics.sty
Package: graphics 2022/03/10 v1.4e Standard LaTeX Graphics (DPC,SPQR)
 (D:\pdf\RStudio\latex\tex/latex/graphics\trig.sty
Package: trig 2021/08/11 v1.11 sin cos tan (DPC)
) (D:\pdf\RStudio\latex\tex/latex/graphics-cfg\graphics.cfg
File: graphics.cfg 2016/06/04 v1.11 sample graphics configuration
)
Package graphics Info: Driver file: xetex.def on input line 107.
 (D:\pdf\RStudio\latex\tex/latex/graphics-def\xetex.def
File: xetex.def 2022/09/22 v5.0n Graphics/color driver for xetex
))
\Gin@req@height=\dimen158
\Gin@req@width=\dimen159
) (D:\pdf\RStudio\latex\tex/latex/hyperref\hyperref.sty
Package: hyperref 2023-11-26 v7.01g Hypertext links for LaTeX
 (D:\pdf\RStudio\latex\tex/generic/infwarerr\infwarerr.sty
Package: infwarerr 2019/12/03 v1.5 Providing info/warning/error messages (HO)
) (D:\pdf\RStudio\latex\tex/latex/kvsetkeys\kvsetkeys.sty
Package: kvsetkeys 2022-10-05 v1.19 Key value parser (HO)
) (D:\pdf\RStudio\latex\tex/generic/kvdefinekeys\kvdefinekeys.sty
Package: kvdefinekeys 2019-12-19 v1.6 Define keys (HO)
) (D:\pdf\RStudio\latex\tex/generic/pdfescape\pdfescape.sty
Package: pdfescape 2019/12/09 v1.15 Implements pdfTeX's escape features (HO)
 (D:\pdf\RStudio\latex\tex/generic/ltxcmds\ltxcmds.sty
Package: ltxcmds 2023-12-04 v1.26 LaTeX kernel commands for general use (HO)
) (D:\pdf\RStudio\latex\tex/generic/pdftexcmds\pdftexcmds.sty
Package: pdftexcmds 2020-06-27 v0.33 Utility functions of pdfTeX for LuaTeX (HO)
Package pdftexcmds Info: \pdf@primitive is available.
Package pdftexcmds Info: \pdf@ifprimitive is available.
Package pdftexcmds Info: \pdfdraftmode not found.
)) (D:\pdf\RStudio\latex\tex/latex/hycolor\hycolor.sty
Package: hycolor 2020-01-27 v1.10 Color options for hyperref/bookmark (HO)
) (D:\pdf\RStudio\latex\tex/latex/letltxmacro\letltxmacro.sty
Package: letltxmacro 2019/12/03 v1.6 Let assignment for LaTeX macros (HO)
) (D:\pdf\RStudio\latex\tex/latex/auxhook\auxhook.sty
Package: auxhook 2019-12-17 v1.6 Hooks for auxiliary files (HO)
) (D:\pdf\RStudio\latex\tex/latex/hyperref\nameref.sty
Package: nameref 2023-11-26 v2.56 Cross-referencing by name of section
 (D:\pdf\RStudio\latex\tex/latex/refcount\refcount.sty
Package: refcount 2019/12/15 v3.6 Data extraction from label references (HO)
) (D:\pdf\RStudio\latex\tex/generic/gettitlestring\gettitlestring.sty
Package: gettitlestring 2019/12/15 v1.6 Cleanup title references (HO)
 (D:\pdf\RStudio\latex\tex/latex/kvoptions\kvoptions.sty
Package: kvoptions 2022-06-15 v3.15 Key value format for package options (HO)
))
\c@section@level=\count273
) (D:\pdf\RStudio\latex\tex/latex/etoolbox\etoolbox.sty
Package: etoolbox 2020/10/05 v2.5k e-TeX tools for LaTeX (JAW)
\etb@tempcnta=\count274
)
\@linkdim=\dimen160
\Hy@linkcounter=\count275
\Hy@pagecounter=\count276
 (D:\pdf\RStudio\latex\tex/latex/hyperref\pd1enc.def
File: pd1enc.def 2023-11-26 v7.01g Hyperref: PDFDocEncoding definition (HO)
) (D:\pdf\RStudio\latex\tex/generic/intcalc\intcalc.sty
Package: intcalc 2019/12/15 v1.3 Expandable calculations with integers (HO)
)
\Hy@SavedSpaceFactor=\count277
 (D:\pdf\RStudio\latex\tex/latex/hyperref\puenc.def
File: puenc.def 2023-11-26 v7.01g Hyperref: PDF Unicode definition (HO)
)
Package hyperref Info: Hyper figures OFF on input line 4181.
Package hyperref Info: Link nesting OFF on input line 4186.
Package hyperref Info: Hyper index ON on input line 4189.
Package hyperref Info: Plain pages OFF on input line 4196.
Package hyperref Info: Backreferencing OFF on input line 4201.
Package hyperref Info: Implicit mode ON; LaTeX internals redefined.
Package hyperref Info: Bookmarks ON on input line 4448.
\c@Hy@tempcnt=\count278
 (D:\pdf\RStudio\latex\tex/latex/url\url.sty
\Urlmuskip=\muskip17
Package: url 2013/09/16  ver 3.4  Verb mode for urls, etc.
)
LaTeX Info: Redefining \url on input line 4786.
\XeTeXLinkMargin=\dimen161
 (D:\pdf\RStudio\latex\tex/generic/bitset\bitset.sty
Package: bitset 2019/12/09 v1.3 Handle bit-vector datatype (HO)
 (D:\pdf\RStudio\latex\tex/generic/bigintcalc\bigintcalc.sty
Package: bigintcalc 2019/12/15 v1.5 Expandable calculations on big integers (HO)
))
\Fld@menulength=\count279
\Field@Width=\dimen162
\Fld@charsize=\dimen163
Package hyperref Info: Hyper figures OFF on input line 6065.
Package hyperref Info: Link nesting OFF on input line 6070.
Package hyperref Info: Hyper index ON on input line 6073.
Package hyperref Info: backreferencing OFF on input line 6080.
Package hyperref Info: Link coloring OFF on input line 6085.
Package hyperref Info: Link coloring with OCG OFF on input line 6090.
Package hyperref Info: PDF/A mode OFF on input line 6095.
 (D:\pdf\RStudio\latex\tex/latex/base\atbegshi-ltx.sty
Package: atbegshi-ltx 2021/01/10 v1.0c Emulation of the original atbegshi
package with kernel methods
)
\Hy@abspage=\count280
\c@Item=\count281
\c@Hfootnote=\count282
)
Package hyperref Info: Driver (autodetected): hxetex.
 (D:\pdf\RStudio\latex\tex/latex/hyperref\hxetex.def
File: hxetex.def 2023-11-26 v7.01g Hyperref driver for XeTeX
 (D:\pdf\RStudio\latex\tex/generic/stringenc\stringenc.sty
Package: stringenc 2019/11/29 v1.12 Convert strings between diff. encodings (HO)
)
\pdfm@box=\box53
\c@Hy@AnnotLevel=\count283
\HyField@AnnotCount=\count284
\Fld@listcount=\count285
\c@bookmark@seq@number=\count286
 (D:\pdf\RStudio\latex\tex/latex/rerunfilecheck\rerunfilecheck.sty
Package: rerunfilecheck 2022-07-10 v1.10 Rerun checks for auxiliary files (HO)
 (D:\pdf\RStudio\latex\tex/latex/base\atveryend-ltx.sty
Package: atveryend-ltx 2020/08/19 v1.0a Emulation of the original atveryend package
with kernel methods
) (D:\pdf\RStudio\latex\tex/generic/uniquecounter\uniquecounter.sty
Package: uniquecounter 2019/12/15 v1.4 Provide unlimited unique counter (HO)
)
Package uniquecounter Info: New unique counter `rerunfilecheck' on input line 285.
)
\Hy@SectionHShift=\skip53
) (D:\pdf\RStudio\latex\tex/latex/pgf/frontendlayer\tikz.sty (D:\pdf\RStudio\latex\tex/latex/pgf/basiclayer\pgf.sty (D:\pdf\RStudio\latex\tex/latex/pgf/utilities\pgfrcs.sty (D:\pdf\RStudio\latex\tex/generic/pgf/utilities\pgfutil-common.tex
\pgfutil@everybye=\toks26
\pgfutil@tempdima=\dimen164
\pgfutil@tempdimb=\dimen165
) (D:\pdf\RStudio\latex\tex/generic/pgf/utilities\pgfutil-latex.def
\pgfutil@abb=\box54
) (D:\pdf\RStudio\latex\tex/generic/pgf/utilities\pgfrcs.code.tex (D:\pdf\RStudio\latex\tex/generic/pgf\pgf.revision.tex)
Package: pgfrcs 2023-01-15 v3.1.10 (3.1.10)
))
Package: pgf 2023-01-15 v3.1.10 (3.1.10)
 (D:\pdf\RStudio\latex\tex/latex/pgf/basiclayer\pgfcore.sty (D:\pdf\RStudio\latex\tex/latex/pgf/systemlayer\pgfsys.sty (D:\pdf\RStudio\latex\tex/generic/pgf/systemlayer\pgfsys.code.tex
Package: pgfsys 2023-01-15 v3.1.10 (3.1.10)
 (D:\pdf\RStudio\latex\tex/generic/pgf/utilities\pgfkeys.code.tex
\pgfkeys@pathtoks=\toks27
\pgfkeys@temptoks=\toks28
 (D:\pdf\RStudio\latex\tex/generic/pgf/utilities\pgfkeyslibraryfiltered.code.tex
\pgfkeys@tmptoks=\toks29
))
\pgf@x=\dimen166
\pgf@y=\dimen167
\pgf@xa=\dimen168
\pgf@ya=\dimen169
\pgf@xb=\dimen170
\pgf@yb=\dimen171
\pgf@xc=\dimen172
\pgf@yc=\dimen173
\pgf@xd=\dimen174
\pgf@yd=\dimen175
\w@pgf@writea=\write3
\r@pgf@reada=\read2
\c@pgf@counta=\count287
\c@pgf@countb=\count288
\c@pgf@countc=\count289
\c@pgf@countd=\count290
\t@pgf@toka=\toks30
\t@pgf@tokb=\toks31
\t@pgf@tokc=\toks32
\pgf@sys@id@count=\count291
 (D:\pdf\RStudio\latex\tex/generic/pgf/systemlayer\pgf.cfg
File: pgf.cfg 2023-01-15 v3.1.10 (3.1.10)
)
Driver file for pgf: pgfsys-xetex.def
 (D:\pdf\RStudio\latex\tex/generic/pgf/systemlayer\pgfsys-xetex.def
File: pgfsys-xetex.def 2023-01-15 v3.1.10 (3.1.10)
 (D:\pdf\RStudio\latex\tex/generic/pgf/systemlayer\pgfsys-dvipdfmx.def
File: pgfsys-dvipdfmx.def 2023-01-15 v3.1.10 (3.1.10)
 (D:\pdf\RStudio\latex\tex/generic/pgf/systemlayer\pgfsys-common-pdf.def
File: pgfsys-common-pdf.def 2023-01-15 v3.1.10 (3.1.10)
)
\pgfsys@objnum=\count292
))) (D:\pdf\RStudio\latex\tex/generic/pgf/systemlayer\pgfsyssoftpath.code.tex
File: pgfsyssoftpath.code.tex 2023-01-15 v3.1.10 (3.1.10)
\pgfsyssoftpath@smallbuffer@items=\count293
\pgfsyssoftpath@bigbuffer@items=\count294
) (D:\pdf\RStudio\latex\tex/generic/pgf/systemlayer\pgfsysprotocol.code.tex
File: pgfsysprotocol.code.tex 2023-01-15 v3.1.10 (3.1.10)
)) (D:\pdf\RStudio\latex\tex/latex/xcolor\xcolor.sty
Package: xcolor 2023/11/15 v3.01 LaTeX color extensions (UK)
 (D:\pdf\RStudio\latex\tex/latex/graphics-cfg\color.cfg
File: color.cfg 2016/01/02 v1.6 sample color configuration
)
Package xcolor Info: Driver file: xetex.def on input line 274.
 (D:\pdf\RStudio\latex\tex/latex/graphics\mathcolor.ltx)
Package xcolor Info: Model `cmy' substituted by `cmy0' on input line 1350.
Package xcolor Info: Model `RGB' extended on input line 1366.
Package xcolor Info: Model `HTML' substituted by `rgb' on input line 1368.
Package xcolor Info: Model `Hsb' substituted by `hsb' on input line 1369.
Package xcolor Info: Model `tHsb' substituted by `hsb' on input line 1370.
Package xcolor Info: Model `HSB' substituted by `hsb' on input line 1371.
Package xcolor Info: Model `Gray' substituted by `gray' on input line 1372.
Package xcolor Info: Model `wave' substituted by `hsb' on input line 1373.
) (D:\pdf\RStudio\latex\tex/generic/pgf/basiclayer\pgfcore.code.tex
Package: pgfcore 2023-01-15 v3.1.10 (3.1.10)
 (D:\pdf\RStudio\latex\tex/generic/pgf/math\pgfmath.code.tex (D:\pdf\RStudio\latex\tex/generic/pgf/math\pgfmathutil.code.tex) (D:\pdf\RStudio\latex\tex/generic/pgf/math\pgfmathparser.code.tex
\pgfmath@dimen=\dimen176
\pgfmath@count=\count295
\pgfmath@box=\box55
\pgfmath@toks=\toks33
\pgfmath@stack@operand=\toks34
\pgfmath@stack@operation=\toks35
) (D:\pdf\RStudio\latex\tex/generic/pgf/math\pgfmathfunctions.code.tex) (D:\pdf\RStudio\latex\tex/generic/pgf/math\pgfmathfunctions.basic.code.tex) (D:\pdf\RStudio\latex\tex/generic/pgf/math\pgfmathfunctions.trigonometric.code.tex) (D:\pdf\RStudio\latex\tex/generic/pgf/math\pgfmathfunctions.random.code.tex) (D:\pdf\RStudio\latex\tex/generic/pgf/math\pgfmathfunctions.comparison.code.tex) (D:\pdf\RStudio\latex\tex/generic/pgf/math\pgfmathfunctions.base.code.tex) (D:\pdf\RStudio\latex\tex/generic/pgf/math\pgfmathfunctions.round.code.tex) (D:\pdf\RStudio\latex\tex/generic/pgf/math\pgfmathfunctions.misc.code.tex) (D:\pdf\RStudio\latex\tex/generic/pgf/math\pgfmathfunctions.integerarithmetics.code.tex) (D:\pdf\RStudio\latex\tex/generic/pgf/math\pgfmathcalc.code.tex) (D:\pdf\RStudio\latex\tex/generic/pgf/math\pgfmathfloat.code.tex
\c@pgfmathroundto@lastzeros=\count296
)) (D:\pdf\RStudio\latex\tex/generic/pgf/math\pgfint.code.tex) (D:\pdf\RStudio\latex\tex/generic/pgf/basiclayer\pgfcorepoints.code.tex
File: pgfcorepoints.code.tex 2023-01-15 v3.1.10 (3.1.10)
\pgf@picminx=\dimen177
\pgf@picmaxx=\dimen178
\pgf@picminy=\dimen179
\pgf@picmaxy=\dimen180
\pgf@pathminx=\dimen181
\pgf@pathmaxx=\dimen182
\pgf@pathminy=\dimen183
\pgf@pathmaxy=\dimen184
\pgf@xx=\dimen185
\pgf@xy=\dimen186
\pgf@yx=\dimen187
\pgf@yy=\dimen188
\pgf@zx=\dimen189
\pgf@zy=\dimen190
) (D:\pdf\RStudio\latex\tex/generic/pgf/basiclayer\pgfcorepathconstruct.code.tex
File: pgfcorepathconstruct.code.tex 2023-01-15 v3.1.10 (3.1.10)
\pgf@path@lastx=\dimen191
\pgf@path@lasty=\dimen192
) (D:\pdf\RStudio\latex\tex/generic/pgf/basiclayer\pgfcorepathusage.code.tex
File: pgfcorepathusage.code.tex 2023-01-15 v3.1.10 (3.1.10)
\pgf@shorten@end@additional=\dimen193
\pgf@shorten@start@additional=\dimen194
) (D:\pdf\RStudio\latex\tex/generic/pgf/basiclayer\pgfcorescopes.code.tex
File: pgfcorescopes.code.tex 2023-01-15 v3.1.10 (3.1.10)
\pgfpic=\box56
\pgf@hbox=\box57
\pgf@layerbox@main=\box58
\pgf@picture@serial@count=\count297
) (D:\pdf\RStudio\latex\tex/generic/pgf/basiclayer\pgfcoregraphicstate.code.tex
File: pgfcoregraphicstate.code.tex 2023-01-15 v3.1.10 (3.1.10)
\pgflinewidth=\dimen195
) (D:\pdf\RStudio\latex\tex/generic/pgf/basiclayer\pgfcoretransformations.code.tex
File: pgfcoretransformations.code.tex 2023-01-15 v3.1.10 (3.1.10)
\pgf@pt@x=\dimen196
\pgf@pt@y=\dimen197
\pgf@pt@temp=\dimen198
) (D:\pdf\RStudio\latex\tex/generic/pgf/basiclayer\pgfcorequick.code.tex
File: pgfcorequick.code.tex 2023-01-15 v3.1.10 (3.1.10)
) (D:\pdf\RStudio\latex\tex/generic/pgf/basiclayer\pgfcoreobjects.code.tex
File: pgfcoreobjects.code.tex 2023-01-15 v3.1.10 (3.1.10)
) (D:\pdf\RStudio\latex\tex/generic/pgf/basiclayer\pgfcorepathprocessing.code.tex
File: pgfcorepathprocessing.code.tex 2023-01-15 v3.1.10 (3.1.10)
) (D:\pdf\RStudio\latex\tex/generic/pgf/basiclayer\pgfcorearrows.code.tex
File: pgfcorearrows.code.tex 2023-01-15 v3.1.10 (3.1.10)
\pgfarrowsep=\dimen199
) (D:\pdf\RStudio\latex\tex/generic/pgf/basiclayer\pgfcoreshade.code.tex
File: pgfcoreshade.code.tex 2023-01-15 v3.1.10 (3.1.10)
\pgf@max=\dimen256
\pgf@sys@shading@range@num=\count298
\pgf@shadingcount=\count299
) (D:\pdf\RStudio\latex\tex/generic/pgf/basiclayer\pgfcoreimage.code.tex
File: pgfcoreimage.code.tex 2023-01-15 v3.1.10 (3.1.10)
) (D:\pdf\RStudio\latex\tex/generic/pgf/basiclayer\pgfcoreexternal.code.tex
File: pgfcoreexternal.code.tex 2023-01-15 v3.1.10 (3.1.10)
\pgfexternal@startupbox=\box59
) (D:\pdf\RStudio\latex\tex/generic/pgf/basiclayer\pgfcorelayers.code.tex
File: pgfcorelayers.code.tex 2023-01-15 v3.1.10 (3.1.10)
) (D:\pdf\RStudio\latex\tex/generic/pgf/basiclayer\pgfcoretransparency.code.tex
File: pgfcoretransparency.code.tex 2023-01-15 v3.1.10 (3.1.10)
) (D:\pdf\RStudio\latex\tex/generic/pgf/basiclayer\pgfcorepatterns.code.tex
File: pgfcorepatterns.code.tex 2023-01-15 v3.1.10 (3.1.10)
) (D:\pdf\RStudio\latex\tex/generic/pgf/basiclayer\pgfcorerdf.code.tex
File: pgfcorerdf.code.tex 2023-01-15 v3.1.10 (3.1.10)
))) (D:\pdf\RStudio\latex\tex/generic/pgf/modules\pgfmoduleshapes.code.tex
File: pgfmoduleshapes.code.tex 2023-01-15 v3.1.10 (3.1.10)
\pgfnodeparttextbox=\box60
) (D:\pdf\RStudio\latex\tex/generic/pgf/modules\pgfmoduleplot.code.tex
File: pgfmoduleplot.code.tex 2023-01-15 v3.1.10 (3.1.10)
) (D:\pdf\RStudio\latex\tex/latex/pgf/compatibility\pgfcomp-version-0-65.sty
Package: pgfcomp-version-0-65 2023-01-15 v3.1.10 (3.1.10)
\pgf@nodesepstart=\dimen257
\pgf@nodesepend=\dimen258
) (D:\pdf\RStudio\latex\tex/latex/pgf/compatibility\pgfcomp-version-1-18.sty
Package: pgfcomp-version-1-18 2023-01-15 v3.1.10 (3.1.10)
)) (D:\pdf\RStudio\latex\tex/latex/pgf/utilities\pgffor.sty (D:\pdf\RStudio\latex\tex/latex/pgf/utilities\pgfkeys.sty (D:\pdf\RStudio\latex\tex/generic/pgf/utilities\pgfkeys.code.tex)) (D:\pdf\RStudio\latex\tex/latex/pgf/math\pgfmath.sty (D:\pdf\RStudio\latex\tex/generic/pgf/math\pgfmath.code.tex)) (D:\pdf\RStudio\latex\tex/generic/pgf/utilities\pgffor.code.tex
Package: pgffor 2023-01-15 v3.1.10 (3.1.10)
\pgffor@iter=\dimen259
\pgffor@skip=\dimen260
\pgffor@stack=\toks36
\pgffor@toks=\toks37
)) (D:\pdf\RStudio\latex\tex/generic/pgf/frontendlayer/tikz\tikz.code.tex
Package: tikz 2023-01-15 v3.1.10 (3.1.10)
 (D:\pdf\RStudio\latex\tex/generic/pgf/libraries\pgflibraryplothandlers.code.tex
File: pgflibraryplothandlers.code.tex 2023-01-15 v3.1.10 (3.1.10)
\pgf@plot@mark@count=\count300
\pgfplotmarksize=\dimen261
)
\tikz@lastx=\dimen262
\tikz@lasty=\dimen263
\tikz@lastxsaved=\dimen264
\tikz@lastysaved=\dimen265
\tikz@lastmovetox=\dimen266
\tikz@lastmovetoy=\dimen267
\tikzleveldistance=\dimen268
\tikzsiblingdistance=\dimen269
\tikz@figbox=\box61
\tikz@figbox@bg=\box62
\tikz@tempbox=\box63
\tikz@tempbox@bg=\box64
\tikztreelevel=\count301
\tikznumberofchildren=\count302
\tikznumberofcurrentchild=\count303
\tikz@fig@count=\count304
 (D:\pdf\RStudio\latex\tex/generic/pgf/modules\pgfmodulematrix.code.tex
File: pgfmodulematrix.code.tex 2023-01-15 v3.1.10 (3.1.10)
\pgfmatrixcurrentrow=\count305
\pgfmatrixcurrentcolumn=\count306
\pgf@matrix@numberofcolumns=\count307
)
\tikz@expandcount=\count308
 (D:\pdf\RStudio\latex\tex/generic/pgf/frontendlayer/tikz/libraries\tikzlibrarytopaths.code.tex
File: tikzlibrarytopaths.code.tex 2023-01-15 v3.1.10 (3.1.10)
))) (D:\pdf\RStudio\latex\tex/generic/pgf/frontendlayer/tikz/libraries/circuits\tikzlibrarycircuits.logic.US.code.tex (D:\pdf\RStudio\latex\tex/generic/pgf/frontendlayer/tikz/libraries/circuits\tikzlibrarycircuits.logic.code.tex (D:\pdf\RStudio\latex\tex/generic/pgf/frontendlayer/tikz/libraries/circuits\tikzlibrarycircuits.code.tex (D:\pdf\RStudio\latex\tex/generic/pgf/frontendlayer/tikz/libraries\tikzlibrarycalc.code.tex
File: tikzlibrarycalc.code.tex 2023-01-15 v3.1.10 (3.1.10)
) (D:\pdf\RStudio\latex\tex/generic/pgf/frontendlayer/tikz/libraries\tikzlibrarydecorations.markings.code.tex (D:\pdf\RStudio\latex\tex/generic/pgf/frontendlayer/tikz/libraries\tikzlibrarydecorations.code.tex (D:\pdf\RStudio\latex\tex/generic/pgf/modules\pgfmoduledecorations.code.tex
\pgfdecoratedcompleteddistance=\dimen270
\pgfdecoratedremainingdistance=\dimen271
\pgfdecoratedinputsegmentcompleteddistance=\dimen272
\pgfdecoratedinputsegmentremainingdistance=\dimen273
\pgf@decorate@distancetomove=\dimen274
\pgf@decorate@repeatstate=\count309
\pgfdecorationsegmentamplitude=\dimen275
\pgfdecorationsegmentlength=\dimen276
)
\tikz@lib@dec@box=\box65
) (D:\pdf\RStudio\latex\tex/generic/pgf/libraries/decorations\pgflibrarydecorations.markings.code.tex))
\tikz@lib@circ@count=\count310
\tikzcircuitssizeunit=\dimen277
)) (D:\pdf\RStudio\latex\tex/generic/pgf/libraries/shapes/circuits\pgflibraryshapes.gates.logic.US.code.tex (D:\pdf\RStudio\latex\tex/generic/pgf/libraries/shapes/circuits\pgflibraryshapes.gates.logic.code.tex))) (D:\pdf\RStudio\latex\tex/generic/pgf/frontendlayer/tikz/libraries\tikzlibrarypositioning.code.tex
File: tikzlibrarypositioning.code.tex 2023-01-15 v3.1.10 (3.1.10)
) (D:\pdf\RStudio\latex\tex/generic/pgf/frontendlayer/tikz/libraries\tikzlibraryarrows.code.tex
File: tikzlibraryarrows.code.tex 2023-01-15 v3.1.10 (3.1.10)
 (D:\pdf\RStudio\latex\tex/generic/pgf/libraries\pgflibraryarrows.code.tex
File: pgflibraryarrows.code.tex 2023-01-15 v3.1.10 (3.1.10)
\arrowsize=\dimen278
)) (D:\pdf\RStudio\latex\tex/latex/bussproofs\bussproofs.sty
Proof Tree (bussproofs) style macros. Version 1.1.
\theLevel=\count311
\myMaxLevel=\count312
\myBoxA=\box66
\myBoxB=\box67
\myBoxC=\box68
\myBoxD=\box69
\myBoxLL=\box70
\myBoxRL=\box71
\thisAboveSkip=\dimen279
\thisBelowSkip=\dimen280
\newScoreStart=\dimen281
\newScoreEnd=\dimen282
\newCenter=\dimen283
\displace=\dimen284
\leftLowerAmt=\dimen285
\rightLowerAmt=\dimen286
\scoreHeight=\dimen287
\scoreDepth=\dimen288
\htLbox=\dimen289
\htRbox=\dimen290
\htRRbox=\dimen291
\htRRRbox=\dimen292
\htAbox=\dimen293
\htCbox=\dimen294
) (D:\pdf\RStudio\latex\tex/latex/base\makeidx.sty
Package: makeidx 2021/10/04 v1.0m Standard LaTeX package
)
\@indexfile=\write4
\openout4 = `Logic.idx'.


Writing index file Logic.idx
(D:\pdf\RStudio\latex\tex/latex/easy\easytable.sty
Document Style `easytable' v1.0 <2001/06/13>.
(D:\pdf\RStudio\latex\tex/latex/easy\easy.sty
Document Style `easy' v1.1 <2001/05/31>.
Package: easy 2001/05/31 v1.1
\@easy@level=\count313
\@easy@ncol=\count314
\@easy@nrow=\count315
\@easy@cnt=\count316
\@easy@boxviii=\box72
\@easy@minxviii=\dimen295
\@easy@minyviii=\dimen296
\@easy@maxxviii=\dimen297
\@easy@maxyviii=\dimen298
\@easy@boxvii=\box73
\@easy@minxvii=\dimen299
\@easy@minyvii=\dimen300
\@easy@maxxvii=\dimen301
\@easy@maxyvii=\dimen302
\@easy@boxvi=\box74
\@easy@minxvi=\dimen303
\@easy@minyvi=\dimen304
\@easy@maxxvi=\dimen305
\@easy@maxyvi=\dimen306
\@easy@boxv=\box75
\@easy@minxv=\dimen307
\@easy@minyv=\dimen308
\@easy@maxxv=\dimen309
\@easy@maxyv=\dimen310
\@easy@boxiv=\box76
\@easy@minxiv=\dimen311
\@easy@minyiv=\dimen312
\@easy@maxxiv=\dimen313
\@easy@maxyiv=\dimen314
\@easy@boxiii=\box77
\@easy@minxiii=\dimen315
\@easy@minyiii=\dimen316
\@easy@maxxiii=\dimen317
\@easy@maxyiii=\dimen318
\@easy@boxii=\box78
\@easy@minxii=\dimen319
\@easy@minyii=\dimen320
\@easy@maxxii=\dimen321
\@easy@maxyii=\dimen322
\@easy@boxi=\box79
\@easy@minxi=\dimen323
\@easy@minyi=\dimen324
\@easy@maxxi=\dimen325
\@easy@maxyi=\dimen326
\@easy@hsizexxx=\dimen327
\@easy@vsizexxx=\dimen328
\@easy@hsizexxix=\dimen329
\@easy@vsizexxix=\dimen330
\@easy@hsizexxviii=\dimen331
\@easy@vsizexxviii=\dimen332
\@easy@hsizexxvii=\dimen333
\@easy@vsizexxvii=\dimen334
\@easy@hsizexxvi=\dimen335
\@easy@vsizexxvi=\dimen336
\@easy@hsizexxv=\dimen337
\@easy@vsizexxv=\dimen338
\@easy@hsizexxiv=\dimen339
\@easy@vsizexxiv=\dimen340
\@easy@hsizexxiii=\dimen341
\@easy@vsizexxiii=\dimen342
\@easy@hsizexxii=\dimen343
\@easy@vsizexxii=\dimen344
\@easy@hsizexxi=\dimen345
\@easy@vsizexxi=\dimen346
\@easy@hsizexx=\dimen347
\@easy@vsizexx=\dimen348
\@easy@hsizexix=\dimen349
\@easy@vsizexix=\dimen350
\@easy@hsizexviii=\dimen351
\@easy@vsizexviii=\dimen352
\@easy@hsizexvii=\dimen353
\@easy@vsizexvii=\dimen354
\@easy@hsizexvi=\dimen355
\@easy@vsizexvi=\dimen356
\@easy@hsizexv=\dimen357
\@easy@vsizexv=\dimen358
\@easy@hsizexiv=\dimen359
\@easy@vsizexiv=\dimen360
\@easy@hsizexiii=\dimen361
\@easy@vsizexiii=\dimen362
\@easy@hsizexii=\dimen363
\@easy@vsizexii=\dimen364
\@easy@hsizexi=\dimen365
\@easy@vsizexi=\dimen366
\@easy@hsizex=\dimen367
\@easy@vsizex=\dimen368
\@easy@hsizeix=\dimen369
\@easy@vsizeix=\dimen370
\@easy@hsizeviii=\dimen371
\@easy@vsizeviii=\dimen372
\@easy@hsizevii=\dimen373
\@easy@vsizevii=\dimen374
\@easy@hsizevi=\dimen375
\@easy@vsizevi=\dimen376
\@easy@hsizev=\dimen377
\@easy@vsizev=\dimen378
\@easy@hsizeiv=\dimen379
\@easy@vsizeiv=\dimen380
\@easy@hsizeiii=\dimen381
\@easy@vsizeiii=\dimen382
\@easy@hsizeii=\dimen383
\@easy@vsizeii=\dimen384
\@easy@hsizei=\dimen385
\@easy@vsizei=\dimen386
\@easy@dash@len=\dimen387
\@easy@dash@sep=\dimen388
)
Package: easytable 2001/05/31v1.1
\@tab@size@rule=\dimen389
\@tab@size@dash=\dimen390
) (D:\pdf\RStudio\latex\tex/latex/tools\array.sty
Package: array 2023/10/16 v2.5g Tabular extension package (FMi)
\col@sep=\dimen391
\ar@mcellbox=\box80
\extrarowheight=\dimen392
\NC@list=\toks38
\extratabsurround=\skip54
\backup@length=\skip55
\ar@cellbox=\box81
) (D:\pdf\RStudio\latex\tex/latex/nicematrix\nicematrix.sty
Package: nicematrix 2025/06/21 v7.1d Enhanced arrays with the help of PGF/TikZ
\l__nicematrix_tmpc_dim=\dimen393
\l__nicematrix_tmpd_dim=\dimen394
\l__nicematrix_tmpe_dim=\dimen395
\l__nicematrix_tmpf_dim=\dimen396
\l__nicematrix_tmpc_int=\count317
\g__nicematrix_env_int=\count318
\g__nicematrix_NiceMatrixBlock_int=\count319
\g__nicematrix_notes_caption_int=\count320
\l__nicematrix_columns_width_dim=\dimen397
\l__nicematrix_col_width_dim=\dimen398
\g__nicematrix_row_total_int=\count321
\g__nicematrix_col_total_int=\count322
\g__nicematrix_last_row_node_int=\count323
\l__nicematrix_key_nb_rows_int=\count324
\g__nicematrix_blocks_wd_dim=\dimen399
\g__nicematrix_blocks_ht_dim=\dimen400
\g__nicematrix_blocks_dp_dim=\dimen401
\l__nicematrix_width_dim=\dimen402
\l__nicematrix_tabular_width_dim=\dimen403
\l__nicematrix_rule_width_dim=\dimen404
\l__nicematrix_old_iRow_int=\count325
\l__nicematrix_old_jCol_int=\count326
\l__nicematrix_X_columns_dim=\dimen405
\l__nicematrix_x_initial_dim=\dimen406
\l__nicematrix_y_initial_dim=\dimen407
\l__nicematrix_x_final_dim=\dimen408
\l__nicematrix_y_final_dim=\dimen409
\g__nicematrix_dp_row_zero_dim=\dimen410
\g__nicematrix_ht_row_zero_dim=\dimen411
\g__nicematrix_ht_row_one_dim=\dimen412
\g__nicematrix_dp_ante_last_row_dim=\dimen413
\g__nicematrix_ht_last_row_dim=\dimen414
\g__nicematrix_dp_last_row_dim=\dimen415
\g__nicematrix_width_last_col_dim=\dimen416
\g__nicematrix_width_first_col_dim=\dimen417
\g__nicematrix_ddots_int=\count327
\g__nicematrix_iddots_int=\count328
\g__nicematrix_delta_x_one_dim=\dimen418
\g__nicematrix_delta_y_one_dim=\dimen419
\g__nicematrix_delta_x_two_dim=\dimen420
\g__nicematrix_delta_y_two_dim=\dimen421
\l__nicematrix_row_min_int=\count329
\l__nicematrix_row_max_int=\count330
\l__nicematrix_col_min_int=\count331
\l__nicematrix_col_max_int=\count332
\l__nicematrix_initial_i_int=\count333
\l__nicematrix_initial_j_int=\count334
\l__nicematrix_final_i_int=\count335
\l__nicematrix_final_j_int=\count336
\l__nicematrix_start_int=\count337
\l__nicematrix_end_int=\count338
\l__nicematrix_local_start_int=\count339
\l__nicematrix_local_end_int=\count340
\g__nicematrix_static_num_of_col_int=\count341
\l__nicematrix_rounded_corners_dim=\dimen422
\l__nicematrix_tab_rounded_corners_dim=\dimen423
\l__nicematrix_offset_dim=\dimen424
\l__nicematrix_line_width_dim=\dimen425
\g__nicematrix_block_box_int=\count342
\l__nicematrix_submatrix_extra_height_dim=\dimen426
\l__nicematrix_submatrix_left_xshift_dim=\dimen427
\l__nicematrix_submatrix_right_xshift_dim=\dimen428
\l__nicematrix_first_row_int=\count343
\l__nicematrix_first_col_int=\count344
\l__nicematrix_last_row_int=\count345
\l__nicematrix_last_col_int=\count346
\c@tabularnote=\count347
\g__nicematrix_tabularnote_int=\count348
\c@nicematrix_draft=\count349
\l__nicematrix_cell_space_top_limit_dim=\dimen429
\l__nicematrix_cell_space_bottom_limit_dim=\dimen430
\l__nicematrix_xdots_inter_dim=\dimen431
\l__nicematrix_xdots_shorten_start_dim=\dimen432
\l__nicematrix_xdots_shorten_end_dim=\dimen433
\l__nicematrix_xdots_radius_dim=\dimen434
\l__nicematrix_left_margin_dim=\dimen435
\l__nicematrix_right_margin_dim=\dimen436
\l__nicematrix_extra_left_margin_dim=\dimen437
\l__nicematrix_extra_right_margin_dim=\dimen438
\c__nicematrix_max_l_dim=\dimen439
\l__nicematrix_position_int=\count350
\l__nicematrix_multiplicity_int=\count351
\l__nicematrix_brace_yshift_dim=\dimen440
) (D:\pdf\RStudio\latex\tex/generic/pgf/libraries\pgflibraryarrows.meta.code.tex
File: pgflibraryarrows.meta.code.tex 2023-01-15 v3.1.10 (3.1.10)
\pgfarrowinset=\dimen441
\pgfarrowlength=\dimen442
\pgfarrowwidth=\dimen443
\pgfarrowlinewidth=\dimen444
) (D:\pdf\RStudio\latex\tex/generic/tikz-ext\tikzlibraryext.paths.ortho.code.tex (D:\pdf\RStudio\latex\tex/generic/tikz-ext\tikzext-util.tex)) (D:\pdf\RStudio\latex\tex/latex/mfirstuc\mfirstuc.sty
Package: mfirstuc 2025/04/03 v2.09 (NLCT)
\@glsmfirst=\toks39
\@glsmrest=\toks40
) (D:\pdf\RStudio\latex\tex/latex/twemojis\twemojis.sty
Package: twemojis 2022/03/30 v1.3.1 LaTeX twemojis (twemoji v14.0.1)
 (D:\pdf\RStudio\latex\tex/latex/base\ifthen.sty
Package: ifthen 2022/04/13 v1.1d Standard LaTeX ifthen package (DPC)
)
\twemojiDefaultHeight=\skip56
) (D:\pdf\RStudio\latex\tex/latex/fontspec\fontspec.sty (D:\pdf\RStudio\latex\tex/latex/l3packages/xparse\xparse.sty (D:\pdf\RStudio\latex\tex/latex/l3kernel\expl3.sty
Package: expl3 2024-01-04 L3 programming layer (loader) 
 (D:\pdf\RStudio\latex\tex/latex/l3backend\l3backend-xetex.def
File: l3backend-xetex.def 2024-01-04 L3 backend support: XeTeX
\g__graphics_track_int=\count352
\l__pdf_internal_box=\box82
\g__pdf_backend_object_int=\count353
\g__pdf_backend_annotation_int=\count354
\g__pdf_backend_link_int=\count355
))
Package: xparse 2023-10-10 L3 Experimental document command parser
)
Package: fontspec 2022/01/15 v2.8a Font selection for XeLaTeX and LuaLaTeX
 (D:\pdf\RStudio\latex\tex/latex/fontspec\fontspec-xetex.sty
Package: fontspec-xetex 2022/01/15 v2.8a Font selection for XeLaTeX and LuaLaTeX
\l__fontspec_script_int=\count356
\l__fontspec_language_int=\count357
\l__fontspec_strnum_int=\count358
\l__fontspec_tmp_int=\count359
\l__fontspec_tmpa_int=\count360
\l__fontspec_tmpb_int=\count361
\l__fontspec_tmpc_int=\count362
\l__fontspec_em_int=\count363
\l__fontspec_emdef_int=\count364
\l__fontspec_strong_int=\count365
\l__fontspec_strongdef_int=\count366
\l__fontspec_tmpa_dim=\dimen445
\l__fontspec_tmpb_dim=\dimen446
\l__fontspec_tmpc_dim=\dimen447
 (D:\pdf\RStudio\latex\tex/latex/base\fontenc.sty
Package: fontenc 2021/04/29 v2.0v Standard LaTeX package
) (D:\pdf\RStudio\latex\tex/latex/fontspec\fontspec.cfg))) (D:\pdf\RStudio\latex\tex/latex/unicode-math\unicode-math.sty
Package: unicode-math 2023/08/13 v0.8r Unicode maths in XeLaTeX and LuaLaTeX
 (D:\pdf\RStudio\latex\tex/latex/unicode-math\unicode-math-xetex.sty
Package: unicode-math-xetex 2023/08/13 v0.8r Unicode maths in XeLaTeX and LuaLaTeX
 (D:\pdf\RStudio\latex\tex/latex/l3packages/l3keys2e\l3keys2e.sty
Package: l3keys2e 2023-10-10 LaTeX2e option processing using LaTeX3 keys
) (D:\pdf\RStudio\latex\tex/latex/base\fix-cm.sty
Package: fix-cm 2020/11/24 v1.1t fixes to LaTeX
 (D:\pdf\RStudio\latex\tex/latex/base\ts1enc.def
File: ts1enc.def 2001/06/05 v3.0e (jk/car/fm) Standard LaTeX file
LaTeX Font Info:    Redeclaring font encoding TS1 on input line 47.
))
\g__um_fam_int=\count367
\g__um_fonts_used_int=\count368
\l__um_primecount_int=\count369
\g__um_primekern_muskip=\muskip18
 (D:\pdf\RStudio\latex\tex/latex/unicode-math\unicode-math-table.tex))) (D:\pdf\RStudio\latex\tex/latex/parskip\parskip.sty
Package: parskip 2021-03-14 v2.0h non-zero parskip adjustments
) (D:\pdf\RStudio\latex\tex/latex/emptypage\emptypage.sty
Package: emptypage 2010/05/30 v1.2 Suppress page numbers and headings on empty pages
) (fitch.sty
Package: fitch 2023-12-17 v1.0 Macros for Fitch-style natural deduction
\nd@dim=\skip57
\nd@ctr=\count370
\nd@n=\count371
)
\c@undefined=\count372
\c@definition=\count373
\c@theorem=\count374
\c@lemma=\count375
\c@axiom=\count376
\c@example=\count377
\c@exercise=\count378
\c@Rule=\count379
\c@Attention=\count380
 (Logic.aux)
\openout1 = `Logic.aux'.

LaTeX Font Info:    Checking defaults for OML/cmm/m/it on input line 73.
LaTeX Font Info:    ... okay on input line 73.
LaTeX Font Info:    Checking defaults for OMS/cmsy/m/n on input line 73.
LaTeX Font Info:    ... okay on input line 73.
LaTeX Font Info:    Checking defaults for OT1/cmr/m/n on input line 73.
LaTeX Font Info:    ... okay on input line 73.
LaTeX Font Info:    Checking defaults for T1/cmr/m/n on input line 73.
LaTeX Font Info:    ... okay on input line 73.
LaTeX Font Info:    Checking defaults for TS1/cmr/m/n on input line 73.
LaTeX Font Info:    ... okay on input line 73.
LaTeX Font Info:    Checking defaults for TU/lmr/m/n on input line 73.
LaTeX Font Info:    ... okay on input line 73.
LaTeX Font Info:    Checking defaults for OMX/cmex/m/n on input line 73.
LaTeX Font Info:    ... okay on input line 73.
LaTeX Font Info:    Checking defaults for U/cmr/m/n on input line 73.
LaTeX Font Info:    ... okay on input line 73.
LaTeX Font Info:    Checking defaults for PD1/pdf/m/n on input line 73.
LaTeX Font Info:    ... okay on input line 73.
LaTeX Font Info:    Checking defaults for PU/pdf/m/n on input line 73.
LaTeX Font Info:    ... okay on input line 73.

*geometry* driver: auto-detecting
*geometry* detected driver: xetex
*geometry* verbose mode - [ preamble ] result:
* driver: xetex
* paper: <default>
* layout: <same size as paper>
* layoutoffset:(h,v)=(0.0pt,0.0pt)
* modes: twoside 
* h-part:(L,W,R)=(73.71613pt, 430.00462pt, 110.57425pt)
* v-part:(T,H,B)=(95.39737pt, 556.47656pt, 143.09605pt)
* \paperwidth=614.295pt
* \paperheight=794.96999pt
* \textwidth=430.00462pt
* \textheight=556.47656pt
* \oddsidemargin=1.44614pt
* \evensidemargin=38.30426pt
* \topmargin=-6.94011pt
* \headheight=12.0pt
* \headsep=18.06749pt
* \topskip=10.0pt
* \footskip=25.29494pt
* \marginparwidth=125.0pt
* \marginparsep=7.0pt
* \columnsep=10.0pt
* \skip\footins=9.0pt plus 4.0pt minus 2.0pt
* \hoffset=0.0pt
* \voffset=0.0pt
* \mag=1000
* \@twocolumnfalse
* \@twosidetrue
* \@mparswitchtrue
* \@reversemarginfalse
* (1in=72.27pt=25.4mm, 1cm=28.453pt)

Package hyperref Info: Link coloring OFF on input line 73.
(Logic.out) (Logic.out)
\@outlinefile=\write5
\openout5 = `Logic.out'.

\c__nicematrix_shift_Ldots_last_row_dim=\dimen448
\c__nicematrix_shift_exterior_Vdots_dim=\dimen449
\c__nicematrix_innersep_middle_dim=\dimen450
LaTeX Font Info:    Overwriting math alphabet `\mathrm' in version `normal'
(Font)                  OT1/cmr/m/n --> TU/lmr/m/n on input line 73.
LaTeX Font Info:    Overwriting math alphabet `\mathit' in version `normal'
(Font)                  OT1/cmr/m/it --> TU/lmr/m/it on input line 73.
LaTeX Font Info:    Overwriting math alphabet `\mathbf' in version `normal'
(Font)                  OT1/cmr/bx/n --> TU/lmr/bx/n on input line 73.
LaTeX Font Info:    Overwriting math alphabet `\mathsf' in version `normal'
(Font)                  OT1/cmss/m/n --> TU/lmss/m/n on input line 73.
LaTeX Font Info:    Overwriting math alphabet `\mathsf' in version `bold'
(Font)                  OT1/cmss/bx/n --> TU/lmss/bx/n on input line 73.
LaTeX Font Info:    Overwriting math alphabet `\mathtt' in version `normal'
(Font)                  OT1/cmtt/m/n --> TU/lmtt/m/n on input line 73.
LaTeX Font Info:    Overwriting math alphabet `\mathtt' in version `bold'
(Font)                  OT1/cmtt/m/n --> TU/lmtt/bx/n on input line 73.

Package fontspec Info: Font family 'latinmodern-math.otf(0)' created for font
(fontspec)             'latinmodern-math.otf' with options
(fontspec)             [BoldItalicFont={},ItalicFont={},SmallCapsFont={},Script=Math,BoldFont={latinmodern-math.otf}].
(fontspec)              
(fontspec)              This font family consists of the following NFSS
(fontspec)             series/shapes:
(fontspec)              
(fontspec)             - 'normal' (m/n) with NFSS spec.:
(fontspec)             <->"[latinmodern-math.otf]/OT:script=math;language=dflt;"
(fontspec)             - 'small caps'  (m/sc) with NFSS spec.: 
(fontspec)             - 'bold' (b/n) with NFSS spec.:
(fontspec)             <->"[latinmodern-math.otf]/OT:script=math;language=dflt;"
(fontspec)             - 'bold small caps'  (b/sc) with NFSS spec.: 


Package fontspec Info: Font family 'latinmodern-math.otf(1)' created for font
(fontspec)             'latinmodern-math.otf' with options
(fontspec)             [BoldItalicFont={},ItalicFont={},SmallCapsFont={},Script=Math,SizeFeatures={{Size=8.5-},{Size=6-8.5,Font=latinmodern-math.otf,Style=MathScript},{Size=-6,Font=latinmodern-math.otf,Style=MathScriptScript}},BoldFont={latinmodern-math.otf}].
(fontspec)              
(fontspec)              This font family consists of the following NFSS
(fontspec)             series/shapes:
(fontspec)              
(fontspec)             - 'normal' (m/n) with NFSS spec.:
(fontspec)             <8.5->"[latinmodern-math.otf]/OT:script=math;language=dflt;"<6-8.5>"[latinmodern-math.otf]/OT:script=math;language=dflt;+ssty=0;"<-6>"[latinmodern-math.otf]/OT:script=math;language=dflt;+ssty=1;"
(fontspec)             - 'small caps'  (m/sc) with NFSS spec.: 
(fontspec)             - 'bold' (b/n) with NFSS spec.:
(fontspec)             <->"[latinmodern-math.otf]/OT:script=math;language=dflt;"
(fontspec)             - 'bold small caps'  (b/sc) with NFSS spec.: 

LaTeX Font Info:    Encoding `OT1' has changed to `TU' for symbol font
(Font)              `operators' in the math version `normal' on input line 73.
LaTeX Font Info:    Overwriting symbol font `operators' in version `normal'
(Font)                  OT1/cmr/m/n --> TU/latinmodern-math.otf(1)/m/n on input line 73.
LaTeX Font Info:    Encoding `OT1' has changed to `TU' for symbol font
(Font)              `operators' in the math version `bold' on input line 73.
LaTeX Font Info:    Overwriting symbol font `operators' in version `bold'
(Font)                  OT1/cmr/bx/n --> TU/latinmodern-math.otf(1)/b/n on input line 73.

Package fontspec Info: latinmodern-math scale = 1.0001.


Package fontspec Info: latinmodern-math scale = 1.0001.


Package fontspec Info: latinmodern-math scale = 1.0001.


Package fontspec Info: latinmodern-math scale = 1.0001.


Package fontspec Info: latinmodern-math scale = 1.0001.


Package fontspec Info: Font family 'latinmodern-math.otf(2)' created for font
(fontspec)             'latinmodern-math.otf' with options
(fontspec)             [BoldItalicFont={},ItalicFont={},SmallCapsFont={},Script=Math,SizeFeatures={{Size=8.5-},{Size=6-8.5,Font=latinmodern-math.otf,Style=MathScript},{Size=-6,Font=latinmodern-math.otf,Style=MathScriptScript}},BoldFont={latinmodern-math.otf},ScaleAgain=1.0001,FontAdjustment={\fontdimen
(fontspec)             8\font =6.77pt\relax \fontdimen 9\font =3.94pt\relax
(fontspec)             \fontdimen 10\font =4.44pt\relax \fontdimen 11\font
(fontspec)             =6.86pt\relax \fontdimen 12\font =3.45pt\relax
(fontspec)             \fontdimen 13\font =3.63pt\relax \fontdimen 14\font
(fontspec)             =3.63pt\relax \fontdimen 15\font =2.89pt\relax
(fontspec)             \fontdimen 16\font =2.47pt\relax \fontdimen 17\font
(fontspec)             =2.47pt\relax \fontdimen 18\font =2.5pt\relax
(fontspec)             \fontdimen 19\font =2.0pt\relax \fontdimen 22\font
(fontspec)             =2.5pt\relax \fontdimen 20\font =0pt\relax \fontdimen
(fontspec)             21\font =0pt\relax }].
(fontspec)              
(fontspec)              This font family consists of the following NFSS
(fontspec)             series/shapes:
(fontspec)              
(fontspec)             - 'normal' (m/n) with NFSS spec.:
(fontspec)             <8.5->s*[1.0001]"[latinmodern-math.otf]/OT:script=math;language=dflt;"<6-8.5>s*[1.0001]"[latinmodern-math.otf]/OT:script=math;language=dflt;+ssty=0;"<-6>s*[1.0001]"[latinmodern-math.otf]/OT:script=math;language=dflt;+ssty=1;"
(fontspec)             - 'small caps'  (m/sc) with NFSS spec.: 
(fontspec)             and font adjustment code:
(fontspec)             \fontdimen 8\font =6.77pt\relax \fontdimen 9\font
(fontspec)             =3.94pt\relax \fontdimen 10\font =4.44pt\relax
(fontspec)             \fontdimen 11\font =6.86pt\relax \fontdimen 12\font
(fontspec)             =3.45pt\relax \fontdimen 13\font =3.63pt\relax
(fontspec)             \fontdimen 14\font =3.63pt\relax \fontdimen 15\font
(fontspec)             =2.89pt\relax \fontdimen 16\font =2.47pt\relax
(fontspec)             \fontdimen 17\font =2.47pt\relax \fontdimen 18\font
(fontspec)             =2.5pt\relax \fontdimen 19\font =2.0pt\relax \fontdimen
(fontspec)             22\font =2.5pt\relax \fontdimen 20\font =0pt\relax
(fontspec)             \fontdimen 21\font =0pt\relax 
(fontspec)             - 'bold' (b/n) with NFSS spec.:
(fontspec)             <->s*[1.0001]"[latinmodern-math.otf]/OT:script=math;language=dflt;"
(fontspec)             - 'bold small caps'  (b/sc) with NFSS spec.: 
(fontspec)             and font adjustment code:
(fontspec)             \fontdimen 8\font =6.77pt\relax \fontdimen 9\font
(fontspec)             =3.94pt\relax \fontdimen 10\font =4.44pt\relax
(fontspec)             \fontdimen 11\font =6.86pt\relax \fontdimen 12\font
(fontspec)             =3.45pt\relax \fontdimen 13\font =3.63pt\relax
(fontspec)             \fontdimen 14\font =3.63pt\relax \fontdimen 15\font
(fontspec)             =2.89pt\relax \fontdimen 16\font =2.47pt\relax
(fontspec)             \fontdimen 17\font =2.47pt\relax \fontdimen 18\font
(fontspec)             =2.5pt\relax \fontdimen 19\font =2.0pt\relax \fontdimen
(fontspec)             22\font =2.5pt\relax \fontdimen 20\font =0pt\relax
(fontspec)             \fontdimen 21\font =0pt\relax 

LaTeX Font Info:    Encoding `OMS' has changed to `TU' for symbol font
(Font)              `symbols' in the math version `normal' on input line 73.
LaTeX Font Info:    Overwriting symbol font `symbols' in version `normal'
(Font)                  OMS/cmsy/m/n --> TU/latinmodern-math.otf(2)/m/n on input line 73.
LaTeX Font Info:    Encoding `OMS' has changed to `TU' for symbol font
(Font)              `symbols' in the math version `bold' on input line 73.
LaTeX Font Info:    Overwriting symbol font `symbols' in version `bold'
(Font)                  OMS/cmsy/b/n --> TU/latinmodern-math.otf(2)/b/n on input line 73.

Package fontspec Info: latinmodern-math scale = 0.9999.


Package fontspec Info: latinmodern-math scale = 0.9999.


Package fontspec Info: latinmodern-math scale = 0.9999.


Package fontspec Info: latinmodern-math scale = 0.9999.


Package fontspec Info: latinmodern-math scale = 0.9999.


Package fontspec Info: Font family 'latinmodern-math.otf(3)' created for font
(fontspec)             'latinmodern-math.otf' with options
(fontspec)             [BoldItalicFont={},ItalicFont={},SmallCapsFont={},Script=Math,SizeFeatures={{Size=8.5-},{Size=6-8.5,Font=latinmodern-math.otf,Style=MathScript},{Size=-6,Font=latinmodern-math.otf,Style=MathScriptScript}},BoldFont={latinmodern-math.otf},ScaleAgain=0.9999,FontAdjustment={\fontdimen
(fontspec)             8\font =0.4pt\relax \fontdimen 9\font =2.0pt\relax
(fontspec)             \fontdimen 10\font =1.67pt\relax \fontdimen 11\font
(fontspec)             =1.11pt\relax \fontdimen 12\font =6.0pt\relax
(fontspec)             \fontdimen 13\font =0pt\relax }].
(fontspec)              
(fontspec)              This font family consists of the following NFSS
(fontspec)             series/shapes:
(fontspec)              
(fontspec)             - 'normal' (m/n) with NFSS spec.:
(fontspec)             <8.5->s*[0.9999]"[latinmodern-math.otf]/OT:script=math;language=dflt;"<6-8.5>s*[0.9999]"[latinmodern-math.otf]/OT:script=math;language=dflt;+ssty=0;"<-6>s*[0.9999]"[latinmodern-math.otf]/OT:script=math;language=dflt;+ssty=1;"
(fontspec)             - 'small caps'  (m/sc) with NFSS spec.: 
(fontspec)             and font adjustment code:
(fontspec)             \fontdimen 8\font =0.4pt\relax \fontdimen 9\font
(fontspec)             =2.0pt\relax \fontdimen 10\font =1.67pt\relax
(fontspec)             \fontdimen 11\font =1.11pt\relax \fontdimen 12\font
(fontspec)             =6.0pt\relax \fontdimen 13\font =0pt\relax 
(fontspec)             - 'bold' (b/n) with NFSS spec.:
(fontspec)             <->s*[0.9999]"[latinmodern-math.otf]/OT:script=math;language=dflt;"
(fontspec)             - 'bold small caps'  (b/sc) with NFSS spec.: 
(fontspec)             and font adjustment code:
(fontspec)             \fontdimen 8\font =0.4pt\relax \fontdimen 9\font
(fontspec)             =2.0pt\relax \fontdimen 10\font =1.67pt\relax
(fontspec)             \fontdimen 11\font =1.11pt\relax \fontdimen 12\font
(fontspec)             =6.0pt\relax \fontdimen 13\font =0pt\relax 

LaTeX Font Info:    Encoding `OMX' has changed to `TU' for symbol font
(Font)              `largesymbols' in the math version `normal' on input line 73.
LaTeX Font Info:    Overwriting symbol font `largesymbols' in version `normal'
(Font)                  OMX/cmex/m/n --> TU/latinmodern-math.otf(3)/m/n on input line 73.
LaTeX Font Info:    Encoding `OMX' has changed to `TU' for symbol font
(Font)              `largesymbols' in the math version `bold' on input line 73.
LaTeX Font Info:    Overwriting symbol font `largesymbols' in version `bold'
(Font)                  OMX/cmex/m/n --> TU/latinmodern-math.otf(3)/b/n on input line 73.
LaTeX Font Info:    Font shape `TU/latinmodern-math.otf(2)/m/n' will be
(Font)              scaled to size 12.00128pt on input line 81.
LaTeX Font Info:    Font shape `TU/latinmodern-math.otf(2)/m/n' will be
(Font)              scaled to size 8.00085pt on input line 81.
LaTeX Font Info:    Font shape `TU/latinmodern-math.otf(2)/m/n' will be
(Font)              scaled to size 6.00064pt on input line 81.
LaTeX Font Info:    Font shape `TU/latinmodern-math.otf(3)/m/n' will be
(Font)              scaled to size 11.99872pt on input line 81.
LaTeX Font Info:    Font shape `TU/latinmodern-math.otf(3)/m/n' will be
(Font)              scaled to size 7.99915pt on input line 81.
LaTeX Font Info:    Font shape `TU/latinmodern-math.otf(3)/m/n' will be
(Font)              scaled to size 5.99936pt on input line 81.
LaTeX Font Info:    Trying to load font information for U+msa on input line 81.
 (D:\pdf\RStudio\latex\tex/latex/amsfonts\umsa.fd
File: umsa.fd 2013/01/14 v3.01 AMS symbols A
)
LaTeX Font Info:    Trying to load font information for U+msb on input line 81.
 (D:\pdf\RStudio\latex\tex/latex/amsfonts\umsb.fd
File: umsb.fd 2013/01/14 v3.01 AMS symbols B
) [1



] [2

] (Logic.toc
LaTeX Font Info:    Font shape `TU/latinmodern-math.otf(2)/m/n' will be
(Font)              scaled to size 10.00107pt on input line 2.
LaTeX Font Info:    Font shape `TU/latinmodern-math.otf(2)/m/n' will be
(Font)              scaled to size 7.00075pt on input line 2.
LaTeX Font Info:    Font shape `TU/latinmodern-math.otf(2)/m/n' will be
(Font)              scaled to size 5.00053pt on input line 2.
LaTeX Font Info:    Font shape `TU/latinmodern-math.otf(3)/m/n' will be
(Font)              scaled to size 9.99893pt on input line 2.
LaTeX Font Info:    Font shape `TU/latinmodern-math.otf(3)/m/n' will be
(Font)              scaled to size 6.99925pt on input line 2.
LaTeX Font Info:    Font shape `TU/latinmodern-math.otf(3)/m/n' will be
(Font)              scaled to size 4.99947pt on input line 2.
)
\tf@toc=\write6
\openout6 = `Logic.toc'.

 [3] [4

]
Chapter 1.
[1

]
Underfull \vbox (badness 10000) has occurred while \output is active []

 [2] [3] [4]
Underfull \vbox (badness 1122) has occurred while \output is active []

 [5]
Underfull \vbox (badness 10000) has occurred while \output is active []

 [6] [7]
Underfull \hbox (badness 10000) in paragraph at lines 619--620

 []


Underfull \hbox (badness 10000) in paragraph at lines 633--637

 []


Underfull \hbox (badness 10000) in paragraph at lines 652--656

 []

[8]
Underfull \hbox (badness 10000) in paragraph at lines 675--693

 []


Underfull \hbox (badness 10000) in paragraph at lines 708--712

 []


Underfull \vbox (badness 2698) has occurred while \output is active []

 [9] [10]
Chapter 2.
[11

]
Underfull \vbox (badness 3417) has occurred while \output is active []

 [12]
Underfull \vbox (badness 2828) has occurred while \output is active []

 [13]
Underfull \vbox (badness 10000) has occurred while \output is active []

 [14]
File: all-twemojis.pdf Graphic file (type pdf)
<use all-twemojis.pdf, page 1969>
 [15] [16]
Chapter 3.

Underfull \hbox (badness 10000) in paragraph at lines 1161--1164

 []


Underfull \hbox (badness 10000) in paragraph at lines 1164--1168

 []


Underfull \hbox (badness 10000) in paragraph at lines 1179--1181

 []


Underfull \hbox (badness 10000) in paragraph at lines 1184--1186

 []

[17

]
Underfull \hbox (badness 10000) in paragraph at lines 1224--1227

 []


Underfull \hbox (badness 10000) in paragraph at lines 1231--1234

 []

[18]
Underfull \vbox (badness 10000) has occurred while \output is active []

 [19]
File: all-twemojis.pdf Graphic file (type pdf)
<use all-twemojis.pdf, page 1969>
 [20] [21] [22

]
Chapter 4.

Underfull \hbox (badness 10000) in paragraph at lines 1432--1434

 []


Overfull \hbox (12.83348pt too wide) in paragraph at lines 1471--1480
[][] 
 []

\g__nicematrix_max_cell_width_dim=\dimen451
\c@iRow=\count381
\c@jCol=\count382
\l__nicematrix_cell_box=\box83
\l__nicematrix_the_array_box=\box84
\l__nicematrix_left_delim_dim=\dimen452
\l__nicematrix_right_delim_dim=\dimen453
[23]
Underfull \hbox (badness 10000) in paragraph at lines 1530--1560

 []


Underfull \hbox (badness 10000) in paragraph at lines 1530--1560

 []


Underfull \hbox (badness 10000) in paragraph at lines 1530--1560

 []


Underfull \vbox (badness 10000) has occurred while \output is active []

 [24]
Underfull \hbox (badness 10000) in paragraph at lines 1563--1567

 []

[25]
Underfull \hbox (badness 10000) in paragraph at lines 1596--1635

 []


Underfull \hbox (badness 10000) in paragraph at lines 1596--1635

 []


Underfull \hbox (badness 10000) in paragraph at lines 1596--1635

 []


Underfull \vbox (badness 2269) has occurred while \output is active []

 [26]
Underfull \vbox (badness 10000) has occurred while \output is active []

 [27] [28]
File: all-twemojis.pdf Graphic file (type pdf)
<use all-twemojis.pdf, page 1969>

Underfull \hbox (badness 10000) in paragraph at lines 1759--1787

 []


Underfull \hbox (badness 10000) in paragraph at lines 1759--1787

 []

File: all-twemojis.pdf Graphic file (type pdf)
<use all-twemojis.pdf, page 1969>

Underfull \hbox (badness 10000) in paragraph at lines 1804--1845

 []


Underfull \hbox (badness 10000) in paragraph at lines 1804--1845

 []


Underfull \vbox (badness 10000) has occurred while \output is active []

 [29]
File: all-twemojis.pdf Graphic file (type pdf)
<use all-twemojis.pdf, page 1969>

Underfull \hbox (badness 10000) in paragraph at lines 1862--1902

 []


Underfull \hbox (badness 10000) in paragraph at lines 1862--1902

 []

[30]
File: all-twemojis.pdf Graphic file (type pdf)
<use all-twemojis.pdf, page 1969>

Underfull \hbox (badness 10000) in paragraph at lines 1930--1951

 []


Underfull \hbox (badness 10000) in paragraph at lines 1930--1951

 []

File: all-twemojis.pdf Graphic file (type pdf)
<use all-twemojis.pdf, page 1969>

Underfull \hbox (badness 10000) in paragraph at lines 1954--1958

 []

File: all-twemojis.pdf Graphic file (type pdf)
<use all-twemojis.pdf, page 1969>

Underfull \hbox (badness 10000) in paragraph at lines 1970--1990

 []


Underfull \hbox (badness 10000) in paragraph at lines 1970--1990

 []

[31] [32] (Logic.aux)
 ***********
LaTeX2e <2023-11-01> patch level 1
L3 programming layer <2024-01-04>
 ***********
Package rerunfilecheck Info: File `Logic.out' has not changed.
(rerunfilecheck)             Checksum: 8F9B0077D264B898A5674500BC64FAC4;2227.
 ) 
Here is how much of TeX's memory you used:
 49705 strings out of 409617
 1087952 string characters out of 5778885
 1992191 words of memory out of 5000000
 71345 multiletter control sequences out of 15000+600000
 563456 words of font info for 87 fonts, out of 8000000 for 9000
 1348 hyphenation exceptions out of 8191
 84i,18n,114p,531b,1120s stack positions out of 10000i,1000n,20000p,200000b,200000s

Output written on Logic.xdv (36 pages, 680324 bytes).
